<?xml version="1.0" encoding="UTF-8"?>
<!-- Generated by org.testng.reporters.JUnitXMLReporter -->
<testsuite ignored="0" hostname="LAPTOP-S02GHNDO" failures="1" tests="2" name="Test" time="0.927" errors="0" timestamp="2021-12-13T04:59:37 CST">
  <testcase classname="com.testNG.TestNGAnnotations" name="validateGMOOnlinePage" time="0.843"/>
  <testcase classname="com.testNG.TestNGAnnotations" name="validateLaunchPageTitle" time="0.017">
    <failure type="java.lang.AssertionError" message="expected [Welcome to Green Mountain Outpost] but found [OnLine Catalog]">
      <![CDATA[java.lang.AssertionError: expected [Welcome to Green Mountain Outpost] but found [OnLine Catalog]
at com.testNG.TestNGAnnotations.validateLaunchPageTitle(TestNGAnnotations.java:30)
at java.base/java.util.ArrayList.forEach(ArrayList.java:1511)
... Removed 33 stack frames]]>
    </failure>
  </testcase> <!-- validateLaunchPageTitle -->
</testsuite> <!-- Test -->
