<?xml version="1.0" encoding="UTF-8"?>
<testng-results ignored="0" total="1" passed="1" failed="0" skipped="0">
  <reporter-output>
  </reporter-output>
  <suite started-at="2021-12-21T09:49:36 CST" name="Default suite" finished-at="2021-12-21T09:50:37 CST" duration-ms="61517">
    <groups>
    </groups>
    <test started-at="2021-12-21T09:49:36 CST" name="Default test" finished-at="2021-12-21T09:50:37 CST" duration-ms="61517">
      <class name="com.testNG.TestFrames">
        <test-method is-config="true" signature="beforeSuite()[pri:0, instance:com.testNG.TestFrames@12468a38]" started-at="2021-12-21T09:49:30 CST" name="beforeSuite" finished-at="2021-12-21T09:49:36 CST" duration-ms="6129" status="PASS">
          <reporter-output>
          </reporter-output>
        </test-method> <!-- beforeSuite -->
        <test-method is-config="true" signature="beforeTest()[pri:0, instance:com.testNG.TestFrames@12468a38]" started-at="2021-12-21T09:49:36 CST" name="beforeTest" finished-at="2021-12-21T09:49:36 CST" duration-ms="1" status="PASS">
          <reporter-output>
          </reporter-output>
        </test-method> <!-- beforeTest -->
        <test-method is-config="true" signature="beforeClass()[pri:0, instance:com.testNG.TestFrames@12468a38]" started-at="2021-12-21T09:49:36 CST" name="beforeClass" finished-at="2021-12-21T09:49:36 CST" duration-ms="0" status="PASS">
          <reporter-output>
          </reporter-output>
        </test-method> <!-- beforeClass -->
        <test-method is-config="true" signature="beforeMethod()[pri:0, instance:com.testNG.TestFrames@12468a38]" started-at="2021-12-21T09:49:36 CST" name="beforeMethod" finished-at="2021-12-21T09:49:36 CST" duration-ms="0" status="PASS">
          <reporter-output>
          </reporter-output>
        </test-method> <!-- beforeMethod -->
        <test-method signature="testingFrames()[pri:0, instance:com.testNG.TestFrames@12468a38]" started-at="2021-12-21T09:49:36 CST" name="testingFrames" finished-at="2021-12-21T09:50:37 CST" duration-ms="61457" status="PASS">
          <reporter-output>
          </reporter-output>
        </test-method> <!-- testingFrames -->
        <test-method is-config="true" signature="afterMethod()[pri:0, instance:com.testNG.TestFrames@12468a38]" started-at="2021-12-21T09:50:37 CST" name="afterMethod" finished-at="2021-12-21T09:50:37 CST" duration-ms="0" status="PASS">
          <reporter-output>
          </reporter-output>
        </test-method> <!-- afterMethod -->
        <test-method is-config="true" signature="afterClass()[pri:0, instance:com.testNG.TestFrames@12468a38]" started-at="2021-12-21T09:50:37 CST" name="afterClass" finished-at="2021-12-21T09:50:37 CST" duration-ms="0" status="PASS">
          <reporter-output>
          </reporter-output>
        </test-method> <!-- afterClass -->
        <test-method is-config="true" signature="afterTest()[pri:0, instance:com.testNG.TestFrames@12468a38]" started-at="2021-12-21T09:50:37 CST" name="afterTest" finished-at="2021-12-21T09:50:37 CST" duration-ms="1" status="PASS">
          <reporter-output>
          </reporter-output>
        </test-method> <!-- afterTest -->
        <test-method is-config="true" signature="afterSuite()[pri:0, instance:com.testNG.TestFrames@12468a38]" started-at="2021-12-21T09:50:37 CST" name="afterSuite" finished-at="2021-12-21T09:50:38 CST" duration-ms="135" status="PASS">
          <reporter-output>
          </reporter-output>
        </test-method> <!-- afterSuite -->
      </class> <!-- com.testNG.TestFrames -->
    </test> <!-- Default test -->
  </suite> <!-- Default suite -->
</testng-results>
